<?xml version="1.0" encoding="UTF-8"?>
<!-- Generated by org.testng.reporters.JUnitXMLReporter -->
<testsuite ignored="3" hostname="DESKTOP-DLNPTFU" failures="0" tests="3" name="Regression" time="43.255" errors="0" timestamp="08 Jun 2023 08:02:04 GMT">
  <testcase classname="tests.Addvideo" name="addVideo" time="9.439"/>
  <testcase classname="tests.SearchViedo" name="login" time="15.924"/>
  <testcase classname="tests.ViewVideoInsights" name="aloginTest" time="13.36"/>
  <testcase classname="tests.TestBase" name="@BeforeSuite exe" time="0.0">
    <ignored/>
  </testcase> <!-- @BeforeSuite exe -->
  <testcase classname="tests.TestBase" name="@BeforeSuite exe" time="0.0">
    <ignored/>
  </testcase> <!-- @BeforeSuite exe -->
  <testcase classname="tests.TestBase" name="@BeforeSuite exe" time="0.0">
    <ignored/>
  </testcase> <!-- @BeforeSuite exe -->
</testsuite> <!-- Regression -->
